[2025-07-04 08:25:01] R. Felipe Cardoso, Santa Cruz - ok (-22.9277194, -43.6772512)
[2025-07-04 08:25:42] R. Felipe Cardoso, Santa Cruz - ok (-22.9277194, -43.6772512)
[2025-07-04 08:25:43] Av. Areia Branca, Santa Cruz - ok (-22.9384792, -43.6864936)
[2025-07-04 08:26:11] Av. Areia Branca, Santa Cruz - ok (-22.9384792, -43.6864936)
[2025-07-04 08:26:11] Av. Areia Branca, Santa Cruz - ok (-22.9384792, -43.6864936)
[2025-07-04 08:26:45] Av. Areia Branca, Santa Cruz - ok (-22.9384792, -43.6864936)
[2025-07-04 08:26:46] Av. Areia Branca, Santa Cruz - ok (-22.9384792, -43.6864936)
[2025-07-04 08:27:38] Av. Areia Branca, Santa Cruz - ok (-22.9384792, -43.6864936)
[2025-07-04 08:27:38] R. Felipe Cardoso, Santa Cruz - ok (-22.9277194, -43.6772512)
[2025-07-04 08:27:39] Av. João XXIII, Santa Cruz - ok (-22.9030441, -43.7177608)
[2025-07-04 08:27:39] Av. João XXIII, Santa Cruz - ok (-22.9030441, -43.7177608)
[2025-07-04 08:27:40] R. Felipe Cardoso, Santa Cruz - ok (-22.9277194, -43.6772512)
[2025-07-04 08:27:40] Av. Areia Branca, Santa Cruz - ok (-22.9384792, -43.6864936)
[2025-07-04 08:27:41] R. Araçatuba, Santa Cruz - ok (-22.9379309, -43.6995207)
[2025-07-04 08:37:19] Av. Areia Branca, Santa Cruz - ok (-22.9384792, -43.6864936)
[2025-07-04 08:37:19] Av. Areia Branca, Santa Cruz - ok (-22.9384792, -43.6864936)
[2025-07-04 08:37:20] Av. Areia Branca, Santa Cruz - ok (-22.9384792, -43.6864936)
[2025-07-04 08:44:32] Av. Areia Branca, 55 - Santa Cruz - ok (-22.9278216, -43.6904276)
[2025-07-04 08:44:33] Av. Areia Branca, 1320 - Santa Cruz - ok (-22.9375532, -43.6873003)
[2025-07-04 08:44:34] Av. Areia Branca, 296 - Santa Cruz - ok (-22.9298711, -43.6895754)
[2025-07-04 08:45:48] R. Felipe Cardoso, 540 - Santa Cruz - ok (-22.9209116, -43.6820479)
[2025-07-04 08:45:48] R. Felipe Cardoso, 77 - Santa Cruz - ok (-22.9164778, -43.6834745)
[2025-07-04 08:45:49] Av. João XXIII, 0 - Santa Cruz - ok (-22.9030441, -43.7177608)
[2025-07-04 08:45:50] Av. João XXIII, 615 - Santa Cruz - ok (-22.9104932, -43.6932175)
[2025-07-04 08:45:50] R. Felipe Cardoso, 0 - Santa Cruz - ok (-22.9277194, -43.6772512)
[2025-07-10 18:47:11] Rua Horto Florestal,, 481 - - Santa Cruz - ok (-22.907188, -43.690346)
[2025-07-10 18:50:05] Rua Horto Florestal, 481 - Santa Cruz - ok (-22.907188, -43.690346)
